\BOOKMARK [0][-]{chapter*.1}{\315ndice de figuras}{}
\BOOKMARK [0][-]{chapter*.2}{\315ndice de tablas}{}
\BOOKMARK [0][-]{chapter.1}{Introducci\363n: Problema y Soluci\363n}{}
\BOOKMARK [1][-]{section.1.1}{Introducci\363n}{chapter.1}
\BOOKMARK [1][-]{section.1.2}{Mantenimiento del Software}{chapter.1}
\BOOKMARK [1][-]{section.1.3}{Evoluci\363n del Software}{chapter.1}
\BOOKMARK [1][-]{section.1.4}{Migraci\363n del Software}{chapter.1}
\BOOKMARK [1][-]{section.1.5}{Comprensi\363n de Programas}{chapter.1}
\BOOKMARK [1][-]{section.1.6}{Extracci\363n de Informaci\363n}{chapter.1}
\BOOKMARK [1][-]{section.1.7}{An\341lisis de Identificadores}{chapter.1}
\BOOKMARK [1][-]{section.1.8}{Problema y la Soluci\363n}{chapter.1}
\BOOKMARK [1][-]{section.1.9}{Contribuci\363n}{chapter.1}
\BOOKMARK [1][-]{section.1.10}{Organizaci\363n del Trabajo Final}{chapter.1}
\BOOKMARK [0][-]{chapter.2}{Comprensi\363n de Programas}{}
\BOOKMARK [1][-]{section.2.1}{Introducci\363n}{chapter.2}
\BOOKMARK [1][-]{section.2.2}{Modelos Cognitivos}{chapter.2}
\BOOKMARK [1][-]{section.2.3}{Extracci\363n de Informaci\363n}{chapter.2}
\BOOKMARK [1][-]{section.2.4}{Administraci\363n de la Informaci\363n}{chapter.2}
\BOOKMARK [1][-]{section.2.5}{Visualizaci\363n de Software}{chapter.2}
\BOOKMARK [1][-]{section.2.6}{Estrategias de Interconexi\363n de Dominios}{chapter.2}
\BOOKMARK [1][-]{section.2.7}{Notas y Comentarios}{chapter.2}
\BOOKMARK [0][-]{chapter.3}{An\341lisis de Identificadores: Estado del Arte}{}
\BOOKMARK [1][-]{section.3.1}{Introducci\363n}{chapter.3}
\BOOKMARK [1][-]{section.3.2}{Conceptos claves}{chapter.3}
\BOOKMARK [1][-]{section.3.3}{Nombres de Identificadores}{chapter.3}
\BOOKMARK [2][-]{subsection.3.3.1}{Clasificaci\363n}{section.3.3}
\BOOKMARK [2][-]{subsection.3.3.2}{Importancia en los Nombres}{section.3.3}
\BOOKMARK [2][-]{subsection.3.3.3}{Herramienta: Identifier Dictionary}{section.3.3}
\BOOKMARK [1][-]{section.3.4}{Traducci\363n de Identificadores}{chapter.3}
\BOOKMARK [2][-]{subsection.3.4.1}{Conceptos y Desaf\355os observados}{section.3.4}
\BOOKMARK [2][-]{subsection.3.4.2}{Algoritmo de Divisi\363n Greedy}{section.3.4}
\BOOKMARK [2][-]{subsection.3.4.3}{Algoritmo de Divisi\363n Samurai}{section.3.4}
\BOOKMARK [2][-]{subsection.3.4.4}{Algoritmo de Expansi\363n B\341sico}{section.3.4}
\BOOKMARK [2][-]{subsection.3.4.5}{Algoritmo de Expansi\363n AMAP}{section.3.4}
\BOOKMARK [2][-]{subsection.3.4.6}{Herramienta: Identifier Restructuring}{section.3.4}
\BOOKMARK [1][-]{section.3.5}{Notas y Comentarios}{chapter.3}
\BOOKMARK [0][-]{chapter.4}{Identifier Analyzer \(IDA\)}{}
\BOOKMARK [1][-]{section.4.1}{Introducci\363n}{chapter.4}
\BOOKMARK [1][-]{section.4.2}{Arquitectura}{chapter.4}
\BOOKMARK [1][-]{section.4.3}{Analizador Sint\341ctico}{chapter.4}
\BOOKMARK [1][-]{section.4.4}{Base de Datos Embebida}{chapter.4}
\BOOKMARK [1][-]{section.4.5}{Proceso de An\341lisis de Identificadores}{chapter.4}
\BOOKMARK [2][-]{subsection.4.5.1}{Barra de Men\372}{section.4.5}
\BOOKMARK [2][-]{subsection.4.5.2}{Lectura de Archivos JAVA}{section.4.5}
\BOOKMARK [2][-]{subsection.4.5.3}{Panel de Elementos Capturados}{section.4.5}
\BOOKMARK [2][-]{subsection.4.5.4}{Ventana de An\341lisis}{section.4.5}
\BOOKMARK [2][-]{subsection.4.5.5}{Palabras Capturadas y Diccionarios}{section.4.5}
\BOOKMARK [2][-]{subsection.4.5.6}{Nuevamente al Panel de Elementos Capturados}{section.4.5}
\BOOKMARK [0][-]{chapter.5}{Casos de Estudio}{}
\BOOKMARK [1][-]{section.5.1}{Introducci\363n}{chapter.5}
\BOOKMARK [1][-]{section.5.2}{Juego Buscaminas}{chapter.5}
\BOOKMARK [1][-]{section.5.3}{Editor de Texto}{chapter.5}
\BOOKMARK [1][-]{section.5.4}{Juego de Aviones}{chapter.5}
\BOOKMARK [1][-]{section.5.5}{Notas y Comentarios sobre los casos de estudio}{chapter.5}
\BOOKMARK [0][-]{chapter.6}{Conclusiones y Trabajos Futuros}{}
\BOOKMARK [1][-]{section.6.1}{Conclusiones}{chapter.6}
\BOOKMARK [2][-]{subsection.6.1.1}{La Investigaci\363n sobre el An\341lisis de Identificadores}{section.6.1}
\BOOKMARK [2][-]{subsection.6.1.2}{La Construcci\363n de la Herramienta IDA}{section.6.1}
\BOOKMARK [2][-]{subsection.6.1.3}{Los Casos de Estudio probados en IDA}{section.6.1}
\BOOKMARK [1][-]{section.6.2}{Trabajos Futuros}{chapter.6}
\BOOKMARK [2][-]{subsection.6.2.1}{Ampliar la Captura del Analizador Sint\341ctico}{section.6.2}
\BOOKMARK [2][-]{subsection.6.2.2}{Implementar otro Algoritmo de Expansi\363n}{section.6.2}
\BOOKMARK [2][-]{subsection.6.2.3}{Expandir Identificadores en el C\363digo}{section.6.2}
\BOOKMARK [2][-]{subsection.6.2.4}{Acoplar a Entornos de Desarrollo}{section.6.2}
\BOOKMARK [0][-]{Ap\penalty \@M \hskip \z@skip \unhbox \voidb@x \bgroup \let \unhbox \voidb@x \setbox \@tempboxa \hbox {e\global \mathchardef \accent@spacefactor \spacefactor }\accent 19 e\egroup \spacefactor \accent@spacefactor \penalty \@M \hskip \z@skip \setbox \@tempboxa \hbox {e\global \mathchardef \accent@spacefactor \spacefactor }\spacefactor \accent@spacefactor ndice.a.A}{Ap\351ndice }{}
\BOOKMARK [1][-]{section.a.A.1}{Extensi\363n de la Herramienta IDA}{Ap\penalty \@M \hskip \z@skip \unhbox \voidb@x \bgroup \let \unhbox \voidb@x \setbox \@tempboxa \hbox {e\global \mathchardef \accent@spacefactor \spacefactor }\accent 19 e\egroup \spacefactor \accent@spacefactor \penalty \@M \hskip \z@skip \setbox \@tempboxa \hbox {e\global \mathchardef \accent@spacefactor \spacefactor }\spacefactor \accent@spacefactor ndice.a.A}
